C51 COMPILER V9.60.0.0   MAIN                                                              09/02/2022 00:02:57 PAGE 1   


C51 COMPILER V9.60.0.0, COMPILATION OF MODULE MAIN
OBJECT MODULE PLACED IN .\Objects\main.obj
COMPILER INVOKED BY: C:\Keil_v5\C51\BIN\C51.EXE Code\main.c ROM(COMPACT) OPTIMIZE(8,SPEED) BROWSE INCDIR(.\Code) DEBUG O
                    -BJECTEXTEND PRINT(.\Listings\main.lst) OBJECT(.\Objects\main.obj)

line level    source

   1          #include "stc8gxx.h"
   2          #include <stdio.h>
   3          #include <intrins.h>
   4          #include "light.h"
   5          #include "adc.h"
   6          #include "peripheral.h"
   7          #include "state.h"
   8          
   9          void Delay600us()               //@12.000MHz
  10          {
  11   1              unsigned char i, j;
  12   1      
  13   1              i = 10;
  14   1              j = 87;
  15   1              do
  16   1              {
  17   2                      while (--j);
  18   2              } while (--i);
  19   1      }
  20          
  21          
  22          
  23          void Delay1ms()         //@12.000MHz
  24          {
  25   1              unsigned char i, j;
  26   1      
  27   1              i = 16;
  28   1              j = 147;
  29   1              do
  30   1              {
  31   2                      while (--j);
  32   2              } while (--i);
  33   1      }
  34          
  35          void delay_ms(int number) 
  36          {
  37   1          while(number--)
  38   1          {
  39   2             Delay1ms(); 
  40   2          }
  41   1      }
  42          
  43          void main()
  44          {
  45   1          int i, j;
  46   1          unsigned short temp = 0;
  47   1          unsigned short battery_light = 0x0000;
  48   1      
  49   1          per_io_init();
  50   1          per_int_init();
  51   1          adc_init();
  52   1          light_init();
  53   1          timer_init();
  54   1          per_usart_init();
C51 COMPILER V9.60.0.0   MAIN                                                              09/02/2022 00:02:57 PAGE 2   

  55   1          reset_state();
  56   1          EA = 1; 
  57   1          
  58   1          while (1)
  59   1          {        
  60   2      //        if (time_get_boot_time() % 500 == 0)
  61   2      //        {
  62   2      //            LED_B = !LED_B;
  63   2      ////            printf("power: 0x%02x\t", power);
  64   2      //            
  65   2      //            printf("cur: %d\tshut: %d\tbreak: %d \r\n", 
  66   2      //                    (int)(time_get_boot_time() / 1000), (int)(time_get_shutdown() / 1000), 
  67   2      //                        time_get_break());
  68   2      //        }
  69   2                          
  70   2              if (power == WAKE)
  71   2              {
  72   3                  printf("Start\r\n");
  73   3                  power = RUN;
  74   3                  light_running(TURN_ON);
  75   3              }
  76   2              else if (power == SLEEP)
  77   2              {
  78   3                  printf("Sleep\r\n");
  79   3                  light_running(TURN_OFF);
  80   3                  per_power(SLEEP);
  81   3                  continue;
  82   3              }
  83   2              else        //RUN
  84   2              {
  85   3                  if (time_get_break() > 0) //刹车
  86   3                  {
  87   4                      printf("Break\r\n");
  88   4                      if (time_get_break() % 500 < 250)
  89   4                          light(0xFFFF);
  90   4                      else                    
  91   4                          light(0x0000);
  92   4                  }
  93   3                  else if(time_get_battery() > 0)     // 电量显示
  94   3                  {
  95   4                      if(battery == BAT)  // 获取电量
  96   4                      {
  97   5                          battery = NO;
  98   5                          light(0x0000);
  99   5                          light_reset_last_number();
 100   5                          LED_G = 0;
 101   5                          
 102   5                          temp = adc_get_battery_electricity();
 103   5      //                    temp = 10;
 104   5                          printf("Battery: %d %% \tV: %d\r\n", temp, adc_get_voltage(ADC_1_19));
 105   5                          temp = (unsigned short)(temp / 10.0 + 0.5);
 106   5                          battery_light = 0;
 107   5                          while(temp > 0)
 108   5                          {
 109   6                              battery_light <<= 1;
 110   6                              ++battery_light;
 111   6                              --temp;
 112   6                          }
 113   5                          temp = 0;
 114   5                      }
 115   4                      else if (time_get_battery() % 500 == 0)    // 显示
 116   4                      {
C51 COMPILER V9.60.0.0   MAIN                                                              09/02/2022 00:02:57 PAGE 3   

 117   5                          ++temp;
 118   5                          light(light_get_last_number() | (battery_light & (0x0001 << temp)));
 119   5                      }
 120   4                  }
 121   3                  else                    //RUN
 122   3                  {
 123   4                      LED_G = 1;
 124   4                      if (time_get_boot_time() % 3000 < 1000)
 125   4                          light(0x0000);
 126   4                      else if (time_get_boot_time() % 3000 < 2000)
 127   4                          light(0x5555);
 128   4                      else
 129   4                          light(0xAAAA);
 130   4                  }
 131   3              }
 132   2              
 133   2              Delay600us();
 134   2          }
 135   1      }
*** WARNING C280 IN LINE 45 OF Code\main.c: 'i': unreferenced local variable
*** WARNING C280 IN LINE 45 OF Code\main.c: 'j': unreferenced local variable
 136          


MODULE INFORMATION:   STATIC OVERLAYABLE
   CODE SIZE        =    481    ----
   CONSTANT SIZE    =     48    ----
   XDATA SIZE       =   ----    ----
   PDATA SIZE       =   ----    ----
   DATA SIZE        =   ----       8
   IDATA SIZE       =   ----    ----
   BIT SIZE         =   ----    ----
END OF MODULE INFORMATION.


C51 COMPILATION COMPLETE.  2 WARNING(S),  0 ERROR(S)
