C51 COMPILER V9.60.0.0   PERIPHERAL                                                        09/01/2022 23:50:08 PAGE 1   


C51 COMPILER V9.60.0.0, COMPILATION OF MODULE PERIPHERAL
OBJECT MODULE PLACED IN .\Objects\peripheral.obj
COMPILER INVOKED BY: C:\Keil_v5\C51\BIN\C51.EXE Code\peripheral.c ROM(COMPACT) OPTIMIZE(8,SPEED) BROWSE INCDIR(.\Code) D
                    -EBUG OBJECTEXTEND PRINT(.\Listings\peripheral.lst) OBJECT(.\Objects\peripheral.obj)

line level    source

   1          #include "peripheral.h"
   2          #include "stc8gxx.h"
   3          #include <intrins.h>
   4          #include <stdio.h>
   5          #include "state.h"
   6          
   7          /*
   8              // 不断电下载
   9              // 1.使用 P3.0/INT4 口的下降沿中断，检测串口起始信号 
  10              INTCLKO |= 0x40;    //使能 INT4 中断
  11              void Int4Isr() interrupt 16     //INT4 中断服务程序
  12              { 
  13                  IAP_CONTR = 0x60;   //串口起始信号触发 INT4 中断
  14                                      //软件复位到系统区
  15              }
  16              // 2.使用 P3.0/RxD 串口接收，检测 ISP 下载软件发送的用户下载命令 P858
  17              SCON = 0x50; //设置用户串口模式为 8 位数据位
  18              TMOD = 0x00; 
  19              AUXR = 0x40; 
  20              TH1 = BR115200 >> 8; //设置串口波特率为 115200
  21              TL1 = BR115200; 
  22              TR1 = 1; 
  23              ES = 1; 
  24              stage = 0;
  25              void UartIsr() interrupt 4 {...} //串口中断服务程序
  26                  
  27              //中断唤醒
  28              IT0 = 0;                                    //使能INT0上升沿和下降沿中断
  29          //  IT0 = 1;                                    //使能INT0下降沿中断
  30              EX0 = 1;                                    //使能INT0中断
  31              IT1 = 0;                                    //使能INT1上升沿和下降沿中断
  32          //  IT1 = 1;                                    //使能INT1下降沿中断
  33              EX1 = 1;                                    //使能INT1中断
  34              INTCLKO = EX2;                              //使能INT2下降沿中断
  35              INTCLKO |= EX3;                             //使能INT3下降沿中断
  36              INTCLKO |= EX4;                             //使能INT4下降沿中断
  37              void INT0_Isr() interrupt 0 
  38              {
  39                  P10 = !P10;                                 //测试端口
  40              }
  41              
  42              // 掉电模式    
  43              #define IDL             0x01                    //PCON.0
  44              #define PD              0x02                    //PCON.1
  45              PCON = IDL;                                 //MCU进入IDLE模式
  46          //  PCON = PD;                                  //MCU进入掉电模式
  47              _nop_();                                    //掉电模式被唤醒后,MCU首先会执行此语句
  48                                                          //然后再进入中断服务程序
  49          */
  50          
  51          enum POWER power;
  52          
  53          // usart
  54          void Uart_SendChar(unsigned char  dat)
C51 COMPILER V9.60.0.0   PERIPHERAL                                                        09/01/2022 23:50:08 PAGE 2   

  55          {
  56   1          SBUF = dat; 
  57   1          while(!TI); 
  58   1          TI = 0; 
  59   1      }
  60          
  61          char putchar(char c)//重定向
  62          {
  63   1          Uart_SendChar(c);
  64   1          return c;
  65   1      }
  66          
  67          void UartIsr() interrupt 4 //串口中断服务程序
  68          { 
  69   1      //    char dat; 
  70   1          if (TI) 
  71   1          { 
  72   2      //        TI = 0; 
  73   2          } 
  74   1          if (RI) 
  75   1          {
  76   2              RI = 0; 
  77   2      //        dat = SBUF; 
  78   2          } 
  79   1      } 
  80          
  81          // INT
  82          void INT0_Isr() interrupt 0 
  83          {
  84   1          if (power == WAKE)
  85   1              time_reset_shutdown();
  86   1          else
  87   1              power = SLEEP;
  88   1      }
  89          
  90          void INT1_Isr() interrupt 2 
  91          {
  92   1          time_reset_shutdown();
  93   1      }
  94          
  95          // 不断电下载
  96          void Int4Isr() interrupt 16     //INT4 中断服务程序
  97          { 
  98   1          IAP_CONTR = 0x60;   //串口起始信号触发 INT4 中断
  99   1                              //软件复位到系统区
 100   1      }
 101          
 102          
 103          void per_usart_init(void)
 104          {
 105   1          // 使用定时器1
 106   1          #define FOSC 12000000UL
 107   1          #define BD115200 (65536 - FOSC / 4 / 115200)
 108   1          SCON = 0x50; //设置用户串口模式为 8 位数据位
 109   1          TMOD &= 0x0F;     
 110   1          AUXR &= 0x9E;
 111   1          AUXR |= 0x40;
 112   1          TH1 = BD115200 >> 8; //设置串口波特率为 115200  使用定时器1
 113   1          TL1 = BD115200;
 114   1          TI = 1;   //用系统自带的printf函数，TI必须等于1，否则无法发送。
 115   1          TR1 = 1; 
 116   1          ES = 1;   
C51 COMPILER V9.60.0.0   PERIPHERAL                                                        09/01/2022 23:50:08 PAGE 3   

 117   1          printf("\r\n");     // 不加这句跑不了，只能发换行
 118   1      }
 119          
 120          void per_io_init(void)
 121          {
 122   1          /*
 123   1          // IO配置
 124   1          P0M0 = 0x00;                                //设置P0.0~P0.7为双向口模式
 125   1          P0M1 = 0x00;
 126   1          P1M0 = 0xff;                                //设置P1.0~P1.7为推挽输出模式
 127   1          P1M1 = 0x00;
 128   1          P2M0 = 0x00;                                //设置P2.0~P2.7为高阻输入模式
 129   1          P2M1 = 0xff;
 130   1          P3M0 = 0xff;                                //设置P3.0~P3.7为开漏模式
 131   1          P3M1 = 0xff;
 132   1              */      
 133   1          P1M0 = 0x00;        // OAAx OOOO  
 134   1          P1M1 = 0x60;
 135   1          P3M0 = 0x00;        // IIOI II??
 136   1          P3M1 = 0x00;
 137   1          P5M0 = 0x00;        //xxxX xxxx
 138   1          P5M1 = 0x00;    
 139   1      }
 140          
 141          void per_int_init(void)
 142          {
 143   1          // 外部中断唤醒
 144   1          //#define KEY_LEFT    P32 //INT0  KEY_1
 145   1          IT0 = 1;        //使能INT0下降沿中断
 146   1          EX0 = 1;        //使能INT0中断
 147   1          IT1 = 1;        //使能INT1下降沿中断
 148   1          EX1 = 1;        //使能INT1中断
 149   1          
 150   1          //不断电下载 1
 151   1          INTCLKO |= 0x40;    //使能 INT4 中断
 152   1      }
 153          
 154          void per_off_all(void)
 155          {    
 156   1          light_off();
 157   1          LED_G = 1;
 158   1          LED_B = 1;
 159   1      }
 160          
 161          void reset_state(void)
 162          {
 163   1          power = WAKE;
 164   1          time_reset_shutdown();
 165   1          time_break_zero();
 166   1      }
 167          
 168          void per_power(enum POWER _power)
 169          {
 170   1          per_off_all();
 171   1          // 掉电模式    
 172   1          if (_power > SLEEP)
 173   1              return;
 174   1          PCON = _power;       //MCU进入IDLE模式 / MCU进入掉电模式
 175   1          _nop_();            //掉电模式被唤醒后,MCU首先会执行此语句
 176   1                              //然后再进入中断服务程序
 177   1          reset_state();
 178   1      }
C51 COMPILER V9.60.0.0   PERIPHERAL                                                        09/01/2022 23:50:08 PAGE 4   

 179          
 180          
 181          


MODULE INFORMATION:   STATIC OVERLAYABLE
   CODE SIZE        =    253    ----
   CONSTANT SIZE    =      3    ----
   XDATA SIZE       =   ----    ----
   PDATA SIZE       =   ----    ----
   DATA SIZE        =      1       1
   IDATA SIZE       =   ----    ----
   BIT SIZE         =   ----    ----
END OF MODULE INFORMATION.


C51 COMPILATION COMPLETE.  0 WARNING(S),  0 ERROR(S)
